{
  "RSpec": {
    "coverage": {
      "/Users/apple/Desktop/Projects/ahmad/bookmark_manager/app.rb": {
        "lines": [
          null,
          null,
          1,
          1,
          1,
          1,
          1,
          1,
          null,
          null,
          1,
          1,
          1,
          null,
          1,
          1,
          null,
          1,
          3,
          null,
          null,
          1,
          9,
          9,
          null,
          null,
          1,
          2,
          null,
          null,
          1,
          2,
          null,
          2,
          null,
          null,
          1,
          1,
          1,
          null,
          null,
          1,
          1,
          1,
          null,
          null,
          1,
          1,
          null,
          1,
          null,
          null,
          1,
          null
        ]
      },
      "/Users/apple/Desktop/Projects/ahmad/bookmark_manager/lib/bookmark_manager.rb": {
        "lines": [
          null,
          null,
          1,
          1,
          1,
          null,
          1,
          1,
          null,
          1,
          22,
          22,
          22,
          null,
          null,
          1,
          null,
          19,
          38,
          null,
          null,
          1,
          15,
          13,
          null,
          null,
          1,
          2,
          null,
          null,
          1,
          2,
          2,
          null,
          null,
          null,
          1,
          2,
          2,
          null,
          null,
          1,
          null,
          1,
          17,
          null,
          null,
          null
        ]
      },
      "/Users/apple/Desktop/Projects/ahmad/bookmark_manager/lib/database_connection.rb": {
        "lines": [
          1,
          1,
          1,
          3,
          null,
          null,
          1,
          1,
          null,
          null,
          1,
          38,
          null,
          null
        ]
      },
      "/Users/apple/Desktop/Projects/ahmad/bookmark_manager/database_connection_setup.rb": {
        "lines": [
          1,
          null,
          1,
          1,
          null,
          0,
          null
        ]
      },
      "/Users/apple/Desktop/Projects/ahmad/bookmark_manager/spec/features/web_helpers.rb": {
        "lines": [
          1,
          2,
          2,
          2,
          null
        ]
      },
      "/Users/apple/Desktop/Projects/ahmad/bookmark_manager/spec/bookmark_manager_spec.rb": {
        "lines": [
          null,
          null,
          1,
          null,
          1,
          1,
          1,
          null,
          null,
          1,
          1,
          1,
          1,
          1,
          null,
          null,
          1,
          1,
          null,
          1,
          null,
          1,
          1,
          1,
          null,
          null,
          1,
          1,
          1,
          null,
          1,
          null,
          null,
          1,
          1,
          1,
          null,
          null,
          null,
          1,
          1,
          1,
          1,
          1,
          1,
          null,
          null,
          null,
          1,
          1,
          1,
          1,
          1,
          1,
          1,
          null,
          null,
          null,
          null,
          1,
          1,
          1,
          1,
          1,
          null,
          1,
          1,
          1,
          1,
          null,
          null,
          null
        ]
      },
      "/Users/apple/Desktop/Projects/ahmad/bookmark_manager/spec/database_connection_spec.rb": {
        "lines": [
          1,
          null,
          1,
          1,
          1,
          1,
          null,
          1,
          null,
          null,
          1,
          1,
          null,
          1,
          null,
          null,
          null
        ]
      },
      "/Users/apple/Desktop/Projects/ahmad/bookmark_manager/spec/features/bookmarks_spec.rb": {
        "lines": [
          null,
          null,
          1,
          1,
          1,
          1,
          null,
          null,
          1,
          1,
          null,
          1,
          1,
          1,
          1,
          null,
          null
        ]
      },
      "/Users/apple/Desktop/Projects/ahmad/bookmark_manager/spec/features/creating_bookmarks_spec.rb": {
        "lines": [
          null,
          null,
          1,
          1,
          1,
          1,
          1,
          1,
          null,
          1,
          null,
          null,
          1,
          1,
          1,
          1,
          null,
          1,
          1,
          null,
          null
        ]
      },
      "/Users/apple/Desktop/Projects/ahmad/bookmark_manager/spec/features/delete_bookmarks_spec.rb": {
        "lines": [
          1,
          1,
          1,
          1,
          1,
          null,
          1,
          1,
          null,
          null
        ]
      },
      "/Users/apple/Desktop/Projects/ahmad/bookmark_manager/spec/features/front_page_spec.rb": {
        "lines": [
          null,
          null,
          1,
          1,
          1,
          1,
          null,
          null
        ]
      },
      "/Users/apple/Desktop/Projects/ahmad/bookmark_manager/spec/features/update_bookmark_spec.rb": {
        "lines": [
          1,
          1,
          1,
          1,
          1,
          null,
          1,
          1,
          null,
          1,
          1,
          1,
          null,
          1,
          1,
          1,
          null,
          null
        ]
      }
    },
    "timestamp": 1619130436
  }
}
